  main.cpp
c:\users\кирилл\onedrive\научая работа\реализации\выравнивание гс\gen_net_rep\gen_net.h(84): warning C4227: устаревший элемент: пропуск квалификаторов для ссылки
c:\users\кирилл\onedrive\научая работа\реализации\выравнивание гс\gen_net_rep\gen_net.h(91): warning C4267: =: преобразование из "size_t" в "int"; возможна потеря данных
c:\users\кирилл\onedrive\научая работа\реализации\выравнивание гс\gen_net_rep\gen_net.h(122): warning C4227: устаревший элемент: пропуск квалификаторов для ссылки
c:\users\кирилл\onedrive\научая работа\реализации\выравнивание гс\gen_net_rep\gen_net.h(133): warning C4227: устаревший элемент: пропуск квалификаторов для ссылки
c:\users\кирилл\onedrive\научая работа\реализации\выравнивание гс\gen_net_rep\gen_net.h(324): warning C4227: устаревший элемент: пропуск квалификаторов для ссылки
c:\users\кирилл\onedrive\научая работа\реализации\выравнивание гс\gen_net_rep\gen_net.h(346): warning C4244: аргумент: преобразование "const double" в "const int", возможна потеря данных
c:\users\кирилл\onedrive\научая работа\реализации\выравнивание гс\gen_net_rep\gen_net.h(361): warning C4227: устаревший элемент: пропуск квалификаторов для ссылки
c:\users\кирилл\onedrive\научая работа\реализации\выравнивание гс\gen_net_rep\gen_net.h(371): warning C4227: устаревший элемент: пропуск квалификаторов для ссылки
c:\users\кирилл\onedrive\научая работа\реализации\выравнивание гс\gen_net_rep\gen_net.h(382): warning C4227: устаревший элемент: пропуск квалификаторов для ссылки
c:\users\кирилл\onedrive\научая работа\реализации\выравнивание гс\gen_net_rep\gen_net.h(396): warning C4227: устаревший элемент: пропуск квалификаторов для ссылки
c:\users\кирилл\onedrive\научая работа\реализации\выравнивание гс\gen_net_rep\gen_net.h(411): warning C4227: устаревший элемент: пропуск квалификаторов для ссылки
c:\users\кирилл\onedrive\научая работа\реализации\выравнивание гс\gen_net_rep\gen_net.h(454): warning C4227: устаревший элемент: пропуск квалификаторов для ссылки
c:\users\кирилл\onedrive\научая работа\реализации\выравнивание гс\gen_net_rep\gen_net.h(455): warning C4227: устаревший элемент: пропуск квалификаторов для ссылки
c:\users\кирилл\onedrive\научая работа\реализации\выравнивание гс\gen_net_rep\gen_net.h(513): warning C4227: устаревший элемент: пропуск квалификаторов для ссылки
  Создание кода
  2 of 1836 functions ( 0.1%) were compiled, the rest were copied from previous compilation.
    0 functions were new in current compilation
    0 functions had inline decision re-evaluated but remain unchanged
  Создание кода завершено
  gen_net1.vcxproj -> C:\Users\кирилл\OneDrive\научая работа\реализации\выравнивание ГС\gen_net_rep\x64\Release\gen_net1.exe
